<?xml version="1.0" encoding="UTF-8"?>
<testng-results skipped="0" failed="0" ignored="0" total="1" passed="1">
  <reporter-output>
  </reporter-output>
  <suite name="Command line suite" duration-ms="22" started-at="2021-11-03T20:51:37 IST" finished-at="2021-11-03T20:51:37 IST">
    <groups>
    </groups>
    <test name="Command line test" duration-ms="22" started-at="2021-11-03T20:51:37 IST" finished-at="2021-11-03T20:51:37 IST">
      <class name="com.nafees.automation.silenium.AppTest">
        <test-method status="PASS" signature="testApp()[pri:0, instance:testApp(com.nafees.automation.silenium.AppTest)]" name="testApp" duration-ms="0" started-at="2021-11-03T20:51:37 IST" finished-at="2021-11-03T20:51:37 IST">
          <reporter-output>
          </reporter-output>
        </test-method> <!-- testApp -->
      </class> <!-- com.nafees.automation.silenium.AppTest -->
    </test> <!-- Command line test -->
  </suite> <!-- Command line suite -->
</testng-results>
