<?xml version="1.0" encoding="UTF-8"?>
<testng-results skipped="0" failed="0" ignored="0" total="1" passed="1">
  <reporter-output>
  </reporter-output>
  <suite name="Command line suite" duration-ms="86" started-at="2021-11-03T20:51:36 IST" finished-at="2021-11-03T20:51:36 IST">
    <groups>
    </groups>
    <test name="Command line test" duration-ms="86" started-at="2021-11-03T20:51:36 IST" finished-at="2021-11-03T20:51:36 IST">
      <class name="com.nafees.automation.silenium.TestSelenium">
        <test-method status="PASS" signature="setup()[pri:0, instance:com.nafees.automation.silenium.TestSelenium@6c3708b3]" name="setup" duration-ms="15" started-at="2021-11-03T20:51:36 IST" finished-at="2021-11-03T20:51:36 IST">
          <reporter-output>
          </reporter-output>
        </test-method> <!-- setup -->
      </class> <!-- com.nafees.automation.silenium.TestSelenium -->
    </test> <!-- Command line test -->
  </suite> <!-- Command line suite -->
</testng-results>
